[debug] [2025-07-15T21:55:04.379Z] ----------------------------------------------------------------------
[debug] [2025-07-15T21:55:04.381Z] Command:       /home/vazlucas/.nvm/versions/node/v22.11.0/bin/node /home/vazlucas/.nvm/versions/node/v22.11.0/bin/firebase init
[debug] [2025-07-15T21:55:04.381Z] CLI Version:   14.10.1
[debug] [2025-07-15T21:55:04.381Z] Platform:      linux
[debug] [2025-07-15T21:55:04.382Z] Node Version:  v22.11.0
[debug] [2025-07-15T21:55:04.382Z] Time:          Tue Jul 15 2025 18:55:04 GMT-0300 (Brasilia Standard Time)
[debug] [2025-07-15T21:55:04.382Z] ----------------------------------------------------------------------
[debug] 
[debug] [2025-07-15T21:55:04.388Z] > command requires scopes: ["email","openid","https://www.googleapis.com/auth/cloudplatformprojects.readonly","https://www.googleapis.com/auth/firebase","https://www.googleapis.com/auth/cloud-platform"]
[debug] [2025-07-15T21:55:04.388Z] > authorizing via signed-in user (lucasalmeidavaz71@gmail.com)
[info] 
     ######## #### ########  ######## ########     ###     ######  ########
     ##        ##  ##     ## ##       ##     ##  ##   ##  ##       ##
     ######    ##  ########  ######   ########  #########  ######  ######
     ##        ##  ##    ##  ##       ##     ## ##     ##       ## ##
     ##       #### ##     ## ######## ########  ##     ##  ######  ########

You're about to initialize a Firebase project in this directory:

  /home/vazlucas/Documents/code/site-psicanalista/client

[debug] [2025-07-15T21:55:10.645Z] ExitPromptError: User force closed the prompt with SIGINT
    at Interface.sigint (/home/vazlucas/.nvm/versions/node/v22.11.0/lib/node_modules/firebase-tools/node_modules/@inquirer/core/dist/commonjs/lib/create-prompt.js:101:37)
    at Interface.emit (node:events:518:28)
    at Interface.emit (node:domain:489:12)
    at [_ttyWrite] [as _ttyWrite] (node:internal/readline/interface:1124:18)
    at ReadStream.onkeypress (node:internal/readline/interface:263:20)
    at ReadStream.emit (node:events:530:35)
    at ReadStream.emit (node:domain:489:12)
    at emitKeys (node:internal/readline/utils:370:14)
    at emitKeys.next (<anonymous>)
    at ReadStream.onData (node:internal/readline/emitKeypressEvents:64:36)
[error] 
[error] Error: An unexpected error has occurred.
